This is pdfTeX, Version 3.14159265-2.6-1.40.21 (TeX Live 2020/Arch Linux) (preloaded format=pdflatex 2020.11.6)  10 NOV 2020 17:13
entering extended mode
 restricted \write18 enabled.
 %&-line parsing enabled.
**_VATLI123.tex
(./_VATLI123.tex
LaTeX2e <2020-02-02> patch level 5
L3 programming layer <2020-06-03>
(/usr/share/texmf-dist/tex/latex/base/article.cls
Document Class: article 2019/12/20 v1.4l Standard LaTeX document class
(/usr/share/texmf-dist/tex/latex/base/size11.clo
File: size11.clo 2019/12/20 v1.4l Standard LaTeX file (size option)
)
\c@part=\count167
\c@section=\count168
\c@subsection=\count169
\c@subsubsection=\count170
\c@paragraph=\count171
\c@subparagraph=\count172
\c@figure=\count173
\c@table=\count174
\abovecaptionskip=\skip47
\belowcaptionskip=\skip48
\bibindent=\dimen134
)
(/usr/share/texmf-dist/tex/latex/amsmath/amsmath.sty
Package: amsmath 2020/01/20 v2.17e AMS math features
\@mathmargin=\skip49

For additional information on amsmath, use the `?' option.
(/usr/share/texmf-dist/tex/latex/amsmath/amstext.sty
Package: amstext 2000/06/29 v2.01 AMS text

(/usr/share/texmf-dist/tex/latex/amsmath/amsgen.sty
File: amsgen.sty 1999/11/30 v2.0 generic functions
\@emptytoks=\toks15
\ex@=\dimen135
))
(/usr/share/texmf-dist/tex/latex/amsmath/amsbsy.sty
Package: amsbsy 1999/11/29 v1.2d Bold Symbols
\pmbraise@=\dimen136
)
(/usr/share/texmf-dist/tex/latex/amsmath/amsopn.sty
Package: amsopn 2016/03/08 v2.02 operator names
)
\inf@bad=\count175
LaTeX Info: Redefining \frac on input line 227.
\uproot@=\count176
\leftroot@=\count177
LaTeX Info: Redefining \overline on input line 389.
\classnum@=\count178
\DOTSCASE@=\count179
LaTeX Info: Redefining \ldots on input line 486.
LaTeX Info: Redefining \dots on input line 489.
LaTeX Info: Redefining \cdots on input line 610.
\Mathstrutbox@=\box45
\strutbox@=\box46
\big@size=\dimen137
LaTeX Font Info:    Redeclaring font encoding OML on input line 733.
LaTeX Font Info:    Redeclaring font encoding OMS on input line 734.
\macc@depth=\count180
\c@MaxMatrixCols=\count181
\dotsspace@=\muskip16
\c@parentequation=\count182
\dspbrk@lvl=\count183
\tag@help=\toks16
\row@=\count184
\column@=\count185
\maxfields@=\count186
\andhelp@=\toks17
\eqnshift@=\dimen138
\alignsep@=\dimen139
\tagshift@=\dimen140
\tagwidth@=\dimen141
\totwidth@=\dimen142
\lineht@=\dimen143
\@envbody=\toks18
\multlinegap=\skip50
\multlinetaggap=\skip51
\mathdisplay@stack=\toks19
LaTeX Info: Redefining \[ on input line 2859.
LaTeX Info: Redefining \] on input line 2860.
)
(/usr/share/texmf-dist/tex/latex/amsmath/amsxtra.sty
Package: amsxtra 1999/11/15 v1.2c AMS extra commands
LaTeX Info: Redefining \nobreakspace on input line 54.
)
(/usr/share/texmf-dist/tex/latex/amsfonts/amssymb.sty
Package: amssymb 2013/01/14 v3.01 AMS font symbols

(/usr/share/texmf-dist/tex/latex/amsfonts/amsfonts.sty
Package: amsfonts 2013/01/14 v3.01 Basic AMSFonts support
\symAMSa=\mathgroup4
\symAMSb=\mathgroup5
LaTeX Font Info:    Redeclaring math symbol \hbar on input line 98.
LaTeX Font Info:    Overwriting math alphabet `\mathfrak' in version `bold'
(Font)                  U/euf/m/n --> U/euf/b/n on input line 106.
))
(/usr/share/texmf-dist/tex/latex/base/latexsym.sty
Package: latexsym 1998/08/17 v2.2e Standard LaTeX package (lasy symbols)
\symlasy=\mathgroup6
LaTeX Font Info:    Overwriting symbol font `lasy' in version `bold'
(Font)                  U/lasy/m/n --> U/lasy/b/n on input line 52.
)
(/usr/share/texmf-dist/tex/latex/amsmath/amscd.sty
Package: amscd 2017/04/14 v2.1 AMS Commutative Diagrams
\athelp@=\toks20
\minaw@=\dimen144
\bigaw@=\dimen145
\minCDarrowwidth=\dimen146
)
(/usr/share/texmf-dist/tex/latex/amscls/amsthm.sty
Package: amsthm 2020/05/29 v2.20.6
\thm@style=\toks21
\thm@bodyfont=\toks22
\thm@headfont=\toks23
\thm@notefont=\toks24
\thm@headpunct=\toks25
\thm@preskip=\skip52
\thm@postskip=\skip53
\thm@headsep=\skip54
\dth@everypar=\toks26
)
(/usr/share/texmf-dist/tex/latex/vntex/vietnam.sty
Package: vietnam 2009/07/12 v1.3 support for Vietnamese

(/usr/share/texmf-dist/tex/latex/base/ifthen.sty
Package: ifthen 2014/09/29 v1.1c Standard LaTeX ifthen package (DPC)
)
(/usr/share/texmf-dist/tex/latex/base/fontenc.sty
Package: fontenc 2020/02/11 v2.0o Standard LaTeX package

(/usr/share/texmf-dist/tex/latex/vntex/t5enc.def
File: t5enc.def 2006/11/21 v1.4 Vietnamese T5 encoding
Now handling font encoding T5 ...
... processing UTF-8 mapping file for font encoding T5

(/usr/share/texmf-dist/tex/latex/vntex/t5enc.dfu
File: t5enc.dfu 2006/08/19 v1.1 UTF8 support for Vietnamese
   defining Unicode char U+00AB (decimal 171)
   defining Unicode char U+00BB (decimal 187)
   defining Unicode char U+00C0 (decimal 192)
   defining Unicode char U+00C1 (decimal 193)
   defining Unicode char U+00C2 (decimal 194)
   defining Unicode char U+00C3 (decimal 195)
   defining Unicode char U+00C8 (decimal 200)
   defining Unicode char U+00C9 (decimal 201)
   defining Unicode char U+00CA (decimal 202)
   defining Unicode char U+00CC (decimal 204)
   defining Unicode char U+00CD (decimal 205)
   defining Unicode char U+00D2 (decimal 210)
   defining Unicode char U+00D3 (decimal 211)
   defining Unicode char U+00D4 (decimal 212)
   defining Unicode char U+00D5 (decimal 213)
   defining Unicode char U+00D9 (decimal 217)
   defining Unicode char U+00DA (decimal 218)
   defining Unicode char U+00DD (decimal 221)
   defining Unicode char U+00E0 (decimal 224)
   defining Unicode char U+00E1 (decimal 225)
   defining Unicode char U+00E2 (decimal 226)
   defining Unicode char U+00E3 (decimal 227)
   defining Unicode char U+00E8 (decimal 232)
   defining Unicode char U+00E9 (decimal 233)
   defining Unicode char U+00EA (decimal 234)
   defining Unicode char U+00EC (decimal 236)
   defining Unicode char U+00ED (decimal 237)
   defining Unicode char U+00F2 (decimal 242)
   defining Unicode char U+00F3 (decimal 243)
   defining Unicode char U+00F4 (decimal 244)
   defining Unicode char U+00F5 (decimal 245)
   defining Unicode char U+00F9 (decimal 249)
   defining Unicode char U+00FA (decimal 250)
   defining Unicode char U+00FD (decimal 253)
   defining Unicode char U+0102 (decimal 258)
   defining Unicode char U+0103 (decimal 259)
   defining Unicode char U+0110 (decimal 272)
   defining Unicode char U+0111 (decimal 273)
   defining Unicode char U+0128 (decimal 296)
   defining Unicode char U+0129 (decimal 297)
   defining Unicode char U+0131 (decimal 305)
   defining Unicode char U+0168 (decimal 360)
   defining Unicode char U+0169 (decimal 361)
   defining Unicode char U+01A0 (decimal 416)
   defining Unicode char U+01A1 (decimal 417)
   defining Unicode char U+01AF (decimal 431)
   defining Unicode char U+01B0 (decimal 432)
   defining Unicode char U+1EA0 (decimal 7840)
   defining Unicode char U+1EA1 (decimal 7841)
   defining Unicode char U+1EA2 (decimal 7842)
   defining Unicode char U+1EA3 (decimal 7843)
   defining Unicode char U+1EA4 (decimal 7844)
   defining Unicode char U+1EA5 (decimal 7845)
   defining Unicode char U+1EA6 (decimal 7846)
   defining Unicode char U+1EA7 (decimal 7847)
   defining Unicode char U+1EA8 (decimal 7848)
   defining Unicode char U+1EA9 (decimal 7849)
   defining Unicode char U+1EAA (decimal 7850)
   defining Unicode char U+1EAB (decimal 7851)
   defining Unicode char U+1EAC (decimal 7852)
   defining Unicode char U+1EAD (decimal 7853)
   defining Unicode char U+1EAE (decimal 7854)
   defining Unicode char U+1EAF (decimal 7855)
   defining Unicode char U+1EB0 (decimal 7856)
   defining Unicode char U+1EB1 (decimal 7857)
   defining Unicode char U+1EB2 (decimal 7858)
   defining Unicode char U+1EB3 (decimal 7859)
   defining Unicode char U+1EB4 (decimal 7860)
   defining Unicode char U+1EB5 (decimal 7861)
   defining Unicode char U+1EB6 (decimal 7862)
   defining Unicode char U+1EB7 (decimal 7863)
   defining Unicode char U+1EB8 (decimal 7864)
   defining Unicode char U+1EB9 (decimal 7865)
   defining Unicode char U+1EBA (decimal 7866)
   defining Unicode char U+1EBB (decimal 7867)
   defining Unicode char U+1EBC (decimal 7868)
   defining Unicode char U+1EBD (decimal 7869)
   defining Unicode char U+1EBE (decimal 7870)
   defining Unicode char U+1EBF (decimal 7871)
   defining Unicode char U+1EC0 (decimal 7872)
   defining Unicode char U+1EC1 (decimal 7873)
   defining Unicode char U+1EC2 (decimal 7874)
   defining Unicode char U+1EC3 (decimal 7875)
   defining Unicode char U+1EC4 (decimal 7876)
   defining Unicode char U+1EC5 (decimal 7877)
   defining Unicode char U+1EC6 (decimal 7878)
   defining Unicode char U+1EC7 (decimal 7879)
   defining Unicode char U+1EC8 (decimal 7880)
   defining Unicode char U+1EC9 (decimal 7881)
   defining Unicode char U+1ECA (decimal 7882)
   defining Unicode char U+1ECB (decimal 7883)
   defining Unicode char U+1ECC (decimal 7884)
   defining Unicode char U+1ECD (decimal 7885)
   defining Unicode char U+1ECE (decimal 7886)
   defining Unicode char U+1ECF (decimal 7887)
   defining Unicode char U+1ED0 (decimal 7888)
   defining Unicode char U+1ED1 (decimal 7889)
   defining Unicode char U+1ED2 (decimal 7890)
   defining Unicode char U+1ED3 (decimal 7891)
   defining Unicode char U+1ED4 (decimal 7892)
   defining Unicode char U+1ED5 (decimal 7893)
   defining Unicode char U+1ED6 (decimal 7894)
   defining Unicode char U+1ED7 (decimal 7895)
   defining Unicode char U+1ED8 (decimal 7896)
   defining Unicode char U+1ED9 (decimal 7897)
   defining Unicode char U+1EDA (decimal 7898)
   defining Unicode char U+1EDB (decimal 7899)
   defining Unicode char U+1EDC (decimal 7900)
   defining Unicode char U+1EDD (decimal 7901)
   defining Unicode char U+1EDE (decimal 7902)
   defining Unicode char U+1EDF (decimal 7903)
   defining Unicode char U+1EE0 (decimal 7904)
   defining Unicode char U+1EE1 (decimal 7905)
   defining Unicode char U+1EE2 (decimal 7906)
   defining Unicode char U+1EE3 (decimal 7907)
   defining Unicode char U+1EE4 (decimal 7908)
   defining Unicode char U+1EE5 (decimal 7909)
   defining Unicode char U+1EE6 (decimal 7910)
   defining Unicode char U+1EE7 (decimal 7911)
   defining Unicode char U+1EE8 (decimal 7912)
   defining Unicode char U+1EE9 (decimal 7913)
   defining Unicode char U+1EEA (decimal 7914)
   defining Unicode char U+1EEB (decimal 7915)
   defining Unicode char U+1EEC (decimal 7916)
   defining Unicode char U+1EED (decimal 7917)
   defining Unicode char U+1EEE (decimal 7918)
   defining Unicode char U+1EEF (decimal 7919)
   defining Unicode char U+1EF0 (decimal 7920)
   defining Unicode char U+1EF1 (decimal 7921)
   defining Unicode char U+1EF2 (decimal 7922)
   defining Unicode char U+1EF3 (decimal 7923)
   defining Unicode char U+1EF4 (decimal 7924)
   defining Unicode char U+1EF5 (decimal 7925)
   defining Unicode char U+1EF6 (decimal 7926)
   defining Unicode char U+1EF7 (decimal 7927)
   defining Unicode char U+1EF8 (decimal 7928)
   defining Unicode char U+1EF9 (decimal 7929)
   defining Unicode char U+200C (decimal 8204)
   defining Unicode char U+2013 (decimal 8211)
   defining Unicode char U+2014 (decimal 8212)
   defining Unicode char U+2018 (decimal 8216)
   defining Unicode char U+2019 (decimal 8217)
   defining Unicode char U+201A (decimal 8218)
   defining Unicode char U+201C (decimal 8220)
   defining Unicode char U+201D (decimal 8221)
   defining Unicode char U+201E (decimal 8222)
   defining Unicode char U+2030 (decimal 8240)
   defining Unicode char U+2031 (decimal 8241)
   defining Unicode char U+2039 (decimal 8249)
   defining Unicode char U+203A (decimal 8250)
   defining Unicode char U+2423 (decimal 9251)
))
LaTeX Font Info:    Trying to load font information for T5+cmr on input line 11
2.

(/usr/share/texmf-dist/tex/latex/vntex/t5cmr.fd
File: t5cmr.fd 1999/05/25 v2.5h Standard LaTeX font definitions
))
(/usr/share/texmf-dist/tex/latex/base/inputenc.sty
Package: inputenc 2018/08/11 v1.3c Input encoding file
\inpenc@prehook=\toks27
\inpenc@posthook=\toks28
)
(/usr/share/texmf-dist/tex/latex/vntex/vncaps.tex
File: vncaps.tex 2006/06/07 v1.1 Captions in Vietnamese
))
(/usr/share/texmf-dist/tex/latex/tools/longtable.sty
Package: longtable 2020/01/07 v4.13 Multi-page Table package (DPC)
\LTleft=\skip55
\LTright=\skip56
\LTpre=\skip57
\LTpost=\skip58
\LTchunksize=\count187
\LTcapwidth=\dimen147
\LT@head=\box47
\LT@firsthead=\box48
\LT@foot=\box49
\LT@lastfoot=\box50
\LT@cols=\count188
\LT@rows=\count189
\c@LT@tables=\count190
\c@LT@chunks=\count191
\LT@p@ftn=\toks29
)
(/usr/share/texmf-dist/tex/latex/psnfss/mathpazo.sty
Package: mathpazo 2020/03/25 PSNFSS-v9.3 Palatino w/ Pazo Math (D.Puga, WaS) 
\symupright=\mathgroup7
) (./dethi.sty
Package: dethi 2016/10/27 v3.0

(/usr/share/texmf-dist/tex/latex/etoolbox/etoolbox.sty
Package: etoolbox 2019/09/21 v2.5h e-TeX tools for LaTeX (JAW)
\etb@tempcnta=\count192
)
(/usr/share/texmf-dist/tex/latex/xkeyval/xkeyval.sty
Package: xkeyval 2014/12/03 v2.7a package option processing (HA)

(/usr/share/texmf-dist/tex/generic/xkeyval/xkeyval.tex
(/usr/share/texmf-dist/tex/generic/xkeyval/xkvutils.tex
\XKV@toks=\toks30
\XKV@tempa@toks=\toks31

(/usr/share/texmf-dist/tex/generic/xkeyval/keyval.tex))
\XKV@depth=\count193
File: xkeyval.tex 2014/12/03 v2.7a key=value parser (HA)
))
(/usr/share/texmf-dist/tex/latex/graphics/graphicx.sty
Package: graphicx 2019/11/30 v1.2a Enhanced LaTeX Graphics (DPC,SPQR)

(/usr/share/texmf-dist/tex/latex/graphics/graphics.sty
Package: graphics 2019/11/30 v1.4a Standard LaTeX Graphics (DPC,SPQR)

(/usr/share/texmf-dist/tex/latex/graphics/trig.sty
Package: trig 2016/01/03 v1.10 sin cos tan (DPC)
)
(/usr/share/texmf-dist/tex/latex/graphics-cfg/graphics.cfg
File: graphics.cfg 2016/06/04 v1.11 sample graphics configuration
)
Package graphics Info: Driver file: pdftex.def on input line 105.

(/usr/share/texmf-dist/tex/latex/graphics-def/pdftex.def
File: pdftex.def 2018/01/08 v1.0l Graphics/color driver for pdftex
))
\Gin@req@height=\dimen148
\Gin@req@width=\dimen149
)
(/usr/share/texmf-dist/tex/latex/answers/answers.sty
Package: answers 2014/08/24 v2.16 Production of solution sheets in LaTeX2e

(/usr/share/texmf-dist/tex/latex/tools/verbatim.sty
Package: verbatim 2019/11/10 v1.5r LaTeX2e package for verbatim enhancements
\every@verbatim=\toks32
\verbatim@line=\toks33
\verbatim@in@stream=\read2
))
(/usr/share/texmf-dist/tex/latex/tools/calc.sty
Package: calc 2017/05/25 v4.3 Infix arithmetic (KKT,FJ)
\calc@Acount=\count194
\calc@Bcount=\count195
\calc@Adimen=\dimen150
\calc@Bdimen=\dimen151
\calc@Askip=\skip59
\calc@Bskip=\skip60
LaTeX Info: Redefining \setlength on input line 80.
LaTeX Info: Redefining \addtolength on input line 81.
\calc@Ccount=\count196
\calc@Cskip=\skip61
)
(/usr/share/texmf-dist/tex/latex/pgf/frontendlayer/tikz.sty
(/usr/share/texmf-dist/tex/latex/pgf/basiclayer/pgf.sty
(/usr/share/texmf-dist/tex/latex/pgf/utilities/pgfrcs.sty
(/usr/share/texmf-dist/tex/generic/pgf/utilities/pgfutil-common.tex
\pgfutil@everybye=\toks34
\pgfutil@tempdima=\dimen152
\pgfutil@tempdimb=\dimen153

(/usr/share/texmf-dist/tex/generic/pgf/utilities/pgfutil-common-lists.tex))
(/usr/share/texmf-dist/tex/generic/pgf/utilities/pgfutil-latex.def
\pgfutil@abb=\box51

(/usr/share/texmf-dist/tex/latex/ms/everyshi.sty
Package: everyshi 2001/05/15 v3.00 EveryShipout Package (MS)
))
(/usr/share/texmf-dist/tex/generic/pgf/utilities/pgfrcs.code.tex
(/usr/share/texmf-dist/tex/generic/pgf/pgf.revision.tex)
Package: pgfrcs 2020/01/08 v3.1.5b (3.1.5b)
))
Package: pgf 2020/01/08 v3.1.5b (3.1.5b)

(/usr/share/texmf-dist/tex/latex/pgf/basiclayer/pgfcore.sty
(/usr/share/texmf-dist/tex/latex/pgf/systemlayer/pgfsys.sty
(/usr/share/texmf-dist/tex/generic/pgf/systemlayer/pgfsys.code.tex
Package: pgfsys 2020/01/08 v3.1.5b (3.1.5b)

(/usr/share/texmf-dist/tex/generic/pgf/utilities/pgfkeys.code.tex
\pgfkeys@pathtoks=\toks35
\pgfkeys@temptoks=\toks36

(/usr/share/texmf-dist/tex/generic/pgf/utilities/pgfkeysfiltered.code.tex
\pgfkeys@tmptoks=\toks37
))
\pgf@x=\dimen154
\pgf@y=\dimen155
\pgf@xa=\dimen156
\pgf@ya=\dimen157
\pgf@xb=\dimen158
\pgf@yb=\dimen159
\pgf@xc=\dimen160
\pgf@yc=\dimen161
\pgf@xd=\dimen162
\pgf@yd=\dimen163
\w@pgf@writea=\write3
\r@pgf@reada=\read3
\c@pgf@counta=\count197
\c@pgf@countb=\count198
\c@pgf@countc=\count199
\c@pgf@countd=\count266
\t@pgf@toka=\toks38
\t@pgf@tokb=\toks39
\t@pgf@tokc=\toks40
\pgf@sys@id@count=\count267

(/usr/share/texmf-dist/tex/generic/pgf/systemlayer/pgf.cfg
File: pgf.cfg 2020/01/08 v3.1.5b (3.1.5b)
)
Driver file for pgf: pgfsys-pdftex.def

(/usr/share/texmf-dist/tex/generic/pgf/systemlayer/pgfsys-pdftex.def
File: pgfsys-pdftex.def 2020/01/08 v3.1.5b (3.1.5b)

(/usr/share/texmf-dist/tex/generic/pgf/systemlayer/pgfsys-common-pdf.def
File: pgfsys-common-pdf.def 2020/01/08 v3.1.5b (3.1.5b)
)))
(/usr/share/texmf-dist/tex/generic/pgf/systemlayer/pgfsyssoftpath.code.tex
File: pgfsyssoftpath.code.tex 2020/01/08 v3.1.5b (3.1.5b)
\pgfsyssoftpath@smallbuffer@items=\count268
\pgfsyssoftpath@bigbuffer@items=\count269
)
(/usr/share/texmf-dist/tex/generic/pgf/systemlayer/pgfsysprotocol.code.tex
File: pgfsysprotocol.code.tex 2020/01/08 v3.1.5b (3.1.5b)
))
(/usr/share/texmf-dist/tex/latex/xcolor/xcolor.sty
Package: xcolor 2016/05/11 v2.12 LaTeX color extensions (UK)

(/usr/share/texmf-dist/tex/latex/graphics-cfg/color.cfg
File: color.cfg 2016/01/02 v1.6 sample color configuration
)
Package xcolor Info: Driver file: pdftex.def on input line 225.
Package xcolor Info: Model `cmy' substituted by `cmy0' on input line 1348.
Package xcolor Info: Model `hsb' substituted by `rgb' on input line 1352.
Package xcolor Info: Model `RGB' extended on input line 1364.
Package xcolor Info: Model `HTML' substituted by `rgb' on input line 1366.
Package xcolor Info: Model `Hsb' substituted by `hsb' on input line 1367.
Package xcolor Info: Model `tHsb' substituted by `hsb' on input line 1368.
Package xcolor Info: Model `HSB' substituted by `hsb' on input line 1369.
Package xcolor Info: Model `Gray' substituted by `gray' on input line 1370.
Package xcolor Info: Model `wave' substituted by `hsb' on input line 1371.
)
(/usr/share/texmf-dist/tex/generic/pgf/basiclayer/pgfcore.code.tex
Package: pgfcore 2020/01/08 v3.1.5b (3.1.5b)

(/usr/share/texmf-dist/tex/generic/pgf/math/pgfmath.code.tex
(/usr/share/texmf-dist/tex/generic/pgf/math/pgfmathcalc.code.tex
(/usr/share/texmf-dist/tex/generic/pgf/math/pgfmathutil.code.tex)
(/usr/share/texmf-dist/tex/generic/pgf/math/pgfmathparser.code.tex
\pgfmath@dimen=\dimen164
\pgfmath@count=\count270
\pgfmath@box=\box52
\pgfmath@toks=\toks41
\pgfmath@stack@operand=\toks42
\pgfmath@stack@operation=\toks43
)
(/usr/share/texmf-dist/tex/generic/pgf/math/pgfmathfunctions.code.tex
(/usr/share/texmf-dist/tex/generic/pgf/math/pgfmathfunctions.basic.code.tex)
(/usr/share/texmf-dist/tex/generic/pgf/math/pgfmathfunctions.trigonometric.code
.tex)
(/usr/share/texmf-dist/tex/generic/pgf/math/pgfmathfunctions.random.code.tex)
(/usr/share/texmf-dist/tex/generic/pgf/math/pgfmathfunctions.comparison.code.te
x) (/usr/share/texmf-dist/tex/generic/pgf/math/pgfmathfunctions.base.code.tex)
(/usr/share/texmf-dist/tex/generic/pgf/math/pgfmathfunctions.round.code.tex)
(/usr/share/texmf-dist/tex/generic/pgf/math/pgfmathfunctions.misc.code.tex)
(/usr/share/texmf-dist/tex/generic/pgf/math/pgfmathfunctions.integerarithmetics
.code.tex))) (/usr/share/texmf-dist/tex/generic/pgf/math/pgfmathfloat.code.tex
\c@pgfmathroundto@lastzeros=\count271
)) (/usr/share/texmf-dist/tex/generic/pgf/math/pgfint.code.tex)
(/usr/share/texmf-dist/tex/generic/pgf/basiclayer/pgfcorepoints.code.tex
File: pgfcorepoints.code.tex 2020/01/08 v3.1.5b (3.1.5b)
\pgf@picminx=\dimen165
\pgf@picmaxx=\dimen166
\pgf@picminy=\dimen167
\pgf@picmaxy=\dimen168
\pgf@pathminx=\dimen169
\pgf@pathmaxx=\dimen170
\pgf@pathminy=\dimen171
\pgf@pathmaxy=\dimen172
\pgf@xx=\dimen173
\pgf@xy=\dimen174
\pgf@yx=\dimen175
\pgf@yy=\dimen176
\pgf@zx=\dimen177
\pgf@zy=\dimen178
)
(/usr/share/texmf-dist/tex/generic/pgf/basiclayer/pgfcorepathconstruct.code.tex
File: pgfcorepathconstruct.code.tex 2020/01/08 v3.1.5b (3.1.5b)
\pgf@path@lastx=\dimen179
\pgf@path@lasty=\dimen180
) (/usr/share/texmf-dist/tex/generic/pgf/basiclayer/pgfcorepathusage.code.tex
File: pgfcorepathusage.code.tex 2020/01/08 v3.1.5b (3.1.5b)
\pgf@shorten@end@additional=\dimen181
\pgf@shorten@start@additional=\dimen182
)
(/usr/share/texmf-dist/tex/generic/pgf/basiclayer/pgfcorescopes.code.tex
File: pgfcorescopes.code.tex 2020/01/08 v3.1.5b (3.1.5b)
\pgfpic=\box53
\pgf@hbox=\box54
\pgf@layerbox@main=\box55
\pgf@picture@serial@count=\count272
)
(/usr/share/texmf-dist/tex/generic/pgf/basiclayer/pgfcoregraphicstate.code.tex
File: pgfcoregraphicstate.code.tex 2020/01/08 v3.1.5b (3.1.5b)
\pgflinewidth=\dimen183
)
(/usr/share/texmf-dist/tex/generic/pgf/basiclayer/pgfcoretransformations.code.t
ex
File: pgfcoretransformations.code.tex 2020/01/08 v3.1.5b (3.1.5b)
\pgf@pt@x=\dimen184
\pgf@pt@y=\dimen185
\pgf@pt@temp=\dimen186
) (/usr/share/texmf-dist/tex/generic/pgf/basiclayer/pgfcorequick.code.tex
File: pgfcorequick.code.tex 2020/01/08 v3.1.5b (3.1.5b)
)
(/usr/share/texmf-dist/tex/generic/pgf/basiclayer/pgfcoreobjects.code.tex
File: pgfcoreobjects.code.tex 2020/01/08 v3.1.5b (3.1.5b)
)
(/usr/share/texmf-dist/tex/generic/pgf/basiclayer/pgfcorepathprocessing.code.te
x
File: pgfcorepathprocessing.code.tex 2020/01/08 v3.1.5b (3.1.5b)
) (/usr/share/texmf-dist/tex/generic/pgf/basiclayer/pgfcorearrows.code.tex
File: pgfcorearrows.code.tex 2020/01/08 v3.1.5b (3.1.5b)
\pgfarrowsep=\dimen187
)
(/usr/share/texmf-dist/tex/generic/pgf/basiclayer/pgfcoreshade.code.tex
File: pgfcoreshade.code.tex 2020/01/08 v3.1.5b (3.1.5b)
\pgf@max=\dimen188
\pgf@sys@shading@range@num=\count273
\pgf@shadingcount=\count274
)
(/usr/share/texmf-dist/tex/generic/pgf/basiclayer/pgfcoreimage.code.tex
File: pgfcoreimage.code.tex 2020/01/08 v3.1.5b (3.1.5b)

(/usr/share/texmf-dist/tex/generic/pgf/basiclayer/pgfcoreexternal.code.tex
File: pgfcoreexternal.code.tex 2020/01/08 v3.1.5b (3.1.5b)
\pgfexternal@startupbox=\box56
))
(/usr/share/texmf-dist/tex/generic/pgf/basiclayer/pgfcorelayers.code.tex
File: pgfcorelayers.code.tex 2020/01/08 v3.1.5b (3.1.5b)
)
(/usr/share/texmf-dist/tex/generic/pgf/basiclayer/pgfcoretransparency.code.tex
File: pgfcoretransparency.code.tex 2020/01/08 v3.1.5b (3.1.5b)
) (/usr/share/texmf-dist/tex/generic/pgf/basiclayer/pgfcorepatterns.code.tex
File: pgfcorepatterns.code.tex 2020/01/08 v3.1.5b (3.1.5b)
)
(/usr/share/texmf-dist/tex/generic/pgf/basiclayer/pgfcorerdf.code.tex
File: pgfcorerdf.code.tex 2020/01/08 v3.1.5b (3.1.5b)
)))
(/usr/share/texmf-dist/tex/generic/pgf/modules/pgfmoduleshapes.code.tex
File: pgfmoduleshapes.code.tex 2020/01/08 v3.1.5b (3.1.5b)
\pgfnodeparttextbox=\box57
)
(/usr/share/texmf-dist/tex/generic/pgf/modules/pgfmoduleplot.code.tex
File: pgfmoduleplot.code.tex 2020/01/08 v3.1.5b (3.1.5b)
)
(/usr/share/texmf-dist/tex/latex/pgf/compatibility/pgfcomp-version-0-65.sty
Package: pgfcomp-version-0-65 2020/01/08 v3.1.5b (3.1.5b)
\pgf@nodesepstart=\dimen189
\pgf@nodesepend=\dimen190
)
(/usr/share/texmf-dist/tex/latex/pgf/compatibility/pgfcomp-version-1-18.sty
Package: pgfcomp-version-1-18 2020/01/08 v3.1.5b (3.1.5b)
))
(/usr/share/texmf-dist/tex/latex/pgf/utilities/pgffor.sty
(/usr/share/texmf-dist/tex/latex/pgf/utilities/pgfkeys.sty
(/usr/share/texmf-dist/tex/generic/pgf/utilities/pgfkeys.code.tex))
(/usr/share/texmf-dist/tex/latex/pgf/math/pgfmath.sty
(/usr/share/texmf-dist/tex/generic/pgf/math/pgfmath.code.tex))
(/usr/share/texmf-dist/tex/generic/pgf/utilities/pgffor.code.tex
Package: pgffor 2020/01/08 v3.1.5b (3.1.5b)

(/usr/share/texmf-dist/tex/generic/pgf/math/pgfmath.code.tex)
\pgffor@iter=\dimen191
\pgffor@skip=\dimen192
\pgffor@stack=\toks44
\pgffor@toks=\toks45
))
(/usr/share/texmf-dist/tex/generic/pgf/frontendlayer/tikz/tikz.code.tex
Package: tikz 2020/01/08 v3.1.5b (3.1.5b)

(/usr/share/texmf-dist/tex/generic/pgf/libraries/pgflibraryplothandlers.code.te
x
File: pgflibraryplothandlers.code.tex 2020/01/08 v3.1.5b (3.1.5b)
\pgf@plot@mark@count=\count275
\pgfplotmarksize=\dimen193
)
\tikz@lastx=\dimen194
\tikz@lasty=\dimen195
\tikz@lastxsaved=\dimen196
\tikz@lastysaved=\dimen197
\tikz@lastmovetox=\dimen198
\tikz@lastmovetoy=\dimen199
\tikzleveldistance=\dimen256
\tikzsiblingdistance=\dimen257
\tikz@figbox=\box58
\tikz@figbox@bg=\box59
\tikz@tempbox=\box60
\tikz@tempbox@bg=\box61
\tikztreelevel=\count276
\tikznumberofchildren=\count277
\tikznumberofcurrentchild=\count278
\tikz@fig@count=\count279
 (/usr/share/texmf-dist/tex/generic/pgf/modules/pgfmodulematrix.code.tex
File: pgfmodulematrix.code.tex 2020/01/08 v3.1.5b (3.1.5b)
\pgfmatrixcurrentrow=\count280
\pgfmatrixcurrentcolumn=\count281
\pgf@matrix@numberofcolumns=\count282
)
\tikz@expandcount=\count283

(/usr/share/texmf-dist/tex/generic/pgf/frontendlayer/tikz/libraries/tikzlibrary
topaths.code.tex
File: tikzlibrarytopaths.code.tex 2020/01/08 v3.1.5b (3.1.5b)
))) (./picinpar.sty
Pictures in Paragraphs. Version 1.2a, July 13, 1993
\br=\count284
\bl=\count285
\na=\count286
\nb=\count287
\tcdsav=\count288
\tcl=\count289
\tcd=\count290
\tcn=\count291
\cumtcl=\count292
\cumpartcl=\count293
\lftside=\dimen258
\rtside=\dimen259
\hpic=\dimen260
\vpic=\dimen261
\strutilg=\dimen262
\picwd=\dimen263
\topheight=\dimen264
\ilg=\dimen265
\lpic=\dimen266
\lwindowsep=\dimen267
\rwindowsep=\dimen268
\cumpar=\dimen269
\twa=\toks46
\la=\toks47
\ra=\toks48
\ha=\toks49
\pictoc=\toks50
\rawtext=\box62
\holder=\box63
\windowbox=\box64
\wartext=\box65
\finaltext=\box66
\aslice=\box67
\bslice=\box68
\wbox=\box69
\wstrutbox=\box70
\picbox=\box71
\waslice=\box72
\wbslice=\box73
\fslice=\box74
) (./shortlst.sty
Package: shortlst 1998/11/27 version 1.1
\runitemsep=\skip62
\shortitemwidth=\skip63
\TX@ftn=\toks51
) (./enumerate.sty
Package: enumerate 1999/03/05 v3.00 enumerate extensions (DPC)
\@enLab=\toks52
) (./multicol.sty
Package: multicol 2008/12/05 v1.6h multicolumn formatting (FMi)
\c@tracingmulticols=\count294
\mult@box=\box75
\multicol@leftmargin=\dimen270
\c@unbalance=\count295
\c@collectmore=\count296
\doublecol@number=\count297
\multicoltolerance=\count298
\multicolpretolerance=\count299
\full@width=\dimen271
\page@free=\dimen272
\premulticols=\dimen273
\postmulticols=\dimen274
\multicolsep=\skip64
\multicolbaselineskip=\skip65
\partial@page=\box76
\last@line=\box77
\mult@rightbox=\box78
\mult@grightbox=\box79
\mult@gfirstbox=\box80
\mult@firstbox=\box81
\@tempa=\box82
\@tempa=\box83
\@tempa=\box84
\@tempa=\box85
\@tempa=\box86
\@tempa=\box87
\@tempa=\box88
\@tempa=\box89
\@tempa=\box90
\@tempa=\box91
\@tempa=\box92
\@tempa=\box93
\@tempa=\box94
\@tempa=\box95
\@tempa=\box96
\@tempa=\box97
\@tempa=\box98
\c@columnbadness=\count300
\c@finalcolumnbadness=\count301
\last@try=\dimen275
\multicolovershoot=\dimen276
\multicolundershoot=\dimen277
\mult@nat@firstbox=\box99
\colbreak@box=\box100
) (./lastpage.sty
Package: lastpage 2011/02/01 v1.2g Refers to last page's name (HMM; JPG)
)
\probsoln@write=\write4
\probsoln@startyear=\count302
\probsoln@startmonth=\count303
\probsoln@prev=\write5
\probsoln@used=\write6
\probsoln@prev@cutoff=\count304
\@probN=\count305
\@probselN=\count306
\@rndselctr=\count307
\r@ndcur=\count308
\@ps@randtmp=\count309
\@shfctr=\count310
\@shfA=\count311
\@shfB=\count312
\@ps@forrand=\count313
\@ps@forrand@level=\count314
\c@@choice=\count315
\tempfile=\write7
\file=\write8
\c@@mot=\count316
\c@@hai=\count317
\c@@ba=\count318
\c@@bon=\count319
\widthcha=\skip66
\c@socauhoi=\count320
\c@ct=\count321
)
Package probsoln Info: Random Seed = 1033 on input line 34.

(./centerpage.sty
Package: centerpage 2015/01/30 v1.0 Vietnamese centerpage
)
(/usr/share/texmf-dist/tex/latex/l3backend/l3backend-pdfmode.def
File: l3backend-pdfmode.def 2020-06-03 L3 backend support: PDF mode
\l__kernel_color_stack_int=\count322
\l__pdf_internal_box=\box101
)
No file _VATLI123.aux.
LaTeX Font Info:    Checking defaults for OML/cmm/m/it on input line 37.
LaTeX Font Info:    ... okay on input line 37.
LaTeX Font Info:    Checking defaults for OMS/cmsy/m/n on input line 37.
LaTeX Font Info:    ... okay on input line 37.
LaTeX Font Info:    Checking defaults for OT1/cmr/m/n on input line 37.
LaTeX Font Info:    ... okay on input line 37.
LaTeX Font Info:    Checking defaults for T1/cmr/m/n on input line 37.
LaTeX Font Info:    ... okay on input line 37.
LaTeX Font Info:    Checking defaults for TS1/cmr/m/n on input line 37.
LaTeX Font Info:    ... okay on input line 37.
LaTeX Font Info:    Checking defaults for OMX/cmex/m/n on input line 37.
LaTeX Font Info:    ... okay on input line 37.
LaTeX Font Info:    Checking defaults for U/cmr/m/n on input line 37.
LaTeX Font Info:    ... okay on input line 37.
LaTeX Font Info:    Checking defaults for T5/cmr/m/n on input line 37.
LaTeX Font Info:    ... okay on input line 37.
LaTeX Font Info:    Trying to load font information for T5+ppl on input line 37
.
(/usr/share/texmf-dist/tex/latex/vntex/t5ppl.fd
File: t5upl.fd 2005/08/24 Fontinst v1.929 font definitions for T5/ppl.
)
(/usr/share/texmf-dist/tex/context/base/mkii/supp-pdf.mkii
[Loading MPS to PDF converter (version 2006.09.02).]
\scratchcounter=\count323
\scratchdimen=\dimen278
\scratchbox=\box102
\nofMPsegments=\count324
\nofMParguments=\count325
\everyMPshowfont=\toks53
\MPscratchCnt=\count326
\MPscratchDim=\dimen279
\MPnumerator=\count327
\makeMPintoPDFobject=\count328
\everyMPtoPDFconversion=\toks54
) (/usr/share/texmf-dist/tex/latex/epstopdf-pkg/epstopdf-base.sty
Package: epstopdf-base 2020-01-24 v2.11 Base part for package epstopdf
Package epstopdf-base Info: Redefining graphics rule for `.eps' on input line 4
85.

(/usr/share/texmf-dist/tex/latex/latexconfig/epstopdf-sys.cfg
File: epstopdf-sys.cfg 2010/07/13 v1.3 Configuration of (r)epstopdf for TeX Liv
e
))
ABD: EveryShipout initializing macros
Package lastpage Info: Please have a look at the pagesLTS package at
(lastpage)             http://www.ctan.org/tex-archive/ 
(lastpage)             macros/latex/contrib/pagesLTS/ 
(lastpage)             or
(lastpage)             http://www.ctan.org/tex-archive/ 
(lastpage)             install/macros/latex/contrib/pagesLTS.tds.zip
(lastpage)             ! on input line 37.
 (./2017-cauhoi-toan.tex)
(./2017-cauhoi-toan.tex) (./2017-cauhoi-toan.tex) (./2017-cauhoi-toan.tex)
(./2017-cauhoi-toan.tex) (./2017-cauhoi-toan.tex) (./2017-cauhoi-toan.tex)
(./2017-cauhoi-toan.tex) (./2017-cauhoi-toan.tex) (./2017-cauhoi-toan.tex)
LaTeX Font Info:    Trying to load font information for OT1+ppl on input line 4
8.

(/usr/share/texmf-dist/tex/latex/psnfss/ot1ppl.fd
File: ot1ppl.fd 2001/06/04 font definitions for OT1/ppl.
)
LaTeX Font Info:    Trying to load font information for OML+zplm on input line 
48.

(/usr/share/texmf-dist/tex/latex/psnfss/omlzplm.fd
File: omlzplm.fd 2002/09/08 Fontinst v1.914 font definitions for OML/zplm.
)
LaTeX Font Info:    Trying to load font information for OMS+zplm on input line 
48.

(/usr/share/texmf-dist/tex/latex/psnfss/omszplm.fd
File: omszplm.fd 2002/09/08 Fontinst v1.914 font definitions for OMS/zplm.
)
LaTeX Font Info:    Trying to load font information for OMX+zplm on input line 
48.

(/usr/share/texmf-dist/tex/latex/psnfss/omxzplm.fd
File: omxzplm.fd 2002/09/08 Fontinst v1.914 font definitions for OMX/zplm.
)
LaTeX Font Info:    Font shape `U/msa/m/n' will be
(Font)              scaled to size 11.40997pt on input line 48.
LaTeX Font Info:    Font shape `U/msa/m/n' will be
(Font)              scaled to size 8.33606pt on input line 48.
LaTeX Font Info:    Font shape `U/msa/m/n' will be
(Font)              scaled to size 6.25204pt on input line 48.
LaTeX Font Info:    Font shape `U/msb/m/n' will be
(Font)              scaled to size 11.40997pt on input line 48.
LaTeX Font Info:    Font shape `U/msb/m/n' will be
(Font)              scaled to size 8.33606pt on input line 48.
LaTeX Font Info:    Font shape `U/msb/m/n' will be
(Font)              scaled to size 6.25204pt on input line 48.
LaTeX Font Info:    Trying to load font information for U+lasy on input line 48
.

(/usr/share/texmf-dist/tex/latex/base/ulasy.fd
File: ulasy.fd 1998/08/17 v2.2e LaTeX symbol font definitions
)
LaTeX Font Info:    Trying to load font information for OT1+zplm on input line 
48.

(/usr/share/texmf-dist/tex/latex/psnfss/ot1zplm.fd
File: ot1zplm.fd 2002/09/08 Fontinst v1.914 font definitions for OT1/zplm.
)

LaTeX Warning: Reference `dbPage' on page 1 undefined on input line 48.


Overfull \hbox (19.08047pt too wide) in paragraph at lines 48--48
[][]  [] 
 []


LaTeX Warning: The counter will not be printed.
             The label is:  on input line 50.


Underfull \hbox (badness 10000) in paragraph at lines 48--50

 []

Missing character: There is no ^^E in font uplr8v!
Missing character: There is no ^^L in font uplr8v!
Missing character: There is no ^^W in font uplr8v!
Missing character: There is no ^^X in font uplr8v!
Missing character: There is no   in font uplr8v!
Missing character: There is no ^^? in font uplr8v!
<hinh-cauhoi/toan04.jpg, id=4, 142.131pt x 221.628pt>
File: hinh-cauhoi/toan04.jpg Graphic file (type jpg)
<use hinh-cauhoi/toan04.jpg>
Package pdftex.def Info: hinh-cauhoi/toan04.jpg  used on input line 51.
(pdftex.def)             Requested size: 85.27924pt x 132.97781pt.

Underfull \hbox (badness 10000) in paragraph at lines 51--51

 []


Overfull \hbox (10.40245pt too wide) in paragraph at lines 51--51
[]  
 []

LaTeX Font Info:    Trying to load font information for TS1+ppl on input line 5
1.
(/usr/share/texmf-dist/tex/latex/psnfss/ts1ppl.fd
File: ts1ppl.fd 2001/06/04 font definitions for TS1/ppl.
)

LaTeX Warning: Reference `dbPage' on page 1 undefined on input line 51.

[1

{/var/lib/texmf/fonts/map/pdftex/updmap/pdftex.map} <./hinh-cauhoi/toan04.jpg>]
<hinh-cauhoi/toan05.jpg, id=21, 410.7345pt x 189.70876pt>
File: hinh-cauhoi/toan05.jpg Graphic file (type jpg)
<use hinh-cauhoi/toan05.jpg>
Package pdftex.def Info: hinh-cauhoi/toan05.jpg  used on input line 51.
(pdftex.def)             Requested size: 164.29088pt x 75.88214pt.
LaTeX Font Info:    Trying to load font information for U+fplmbb on input line 
51.
 (/usr/share/texmf-dist/tex/latex/psnfss/ufplmbb.fd
File: ufplmbb.fd 2003/10/30 Fontinst v1.914 font definitions for U/fplmbb.
)
<hinh-cauhoi/toan02.jpg, id=22, 405.31425pt x 199.947pt>
File: hinh-cauhoi/toan02.jpg Graphic file (type jpg)
<use hinh-cauhoi/toan02.jpg>
Package pdftex.def Info: hinh-cauhoi/toan02.jpg  used on input line 51.
(pdftex.def)             Requested size: 202.65663pt x 99.97325pt.


LaTeX Warning: Reference `dbPage' on page 2 undefined on input line 51.

[2 <./hinh-cauhoi/toan05.jpg> <./hinh-cauhoi/toan02.jpg>]
Missing character: There is no ^^E in font uplr8v!
Missing character: There is no ^^L in font uplr8v!
Missing character: There is no ^^W in font uplr8v!
Missing character: There is no ^^X in font uplr8v!
Missing character: There is no   in font uplr8v!
Missing character: There is no ^^? in font uplr8v!
<hinh-cauhoi/toan01.jpg, id=27, 160.80075pt x 163.812pt>
File: hinh-cauhoi/toan01.jpg Graphic file (type jpg)
<use hinh-cauhoi/toan01.jpg>
Package pdftex.def Info: hinh-cauhoi/toan01.jpg  used on input line 51.
(pdftex.def)             Requested size: 96.48117pt x 98.28795pt.

Underfull \hbox (badness 10000) in paragraph at lines 51--51

 []


LaTeX Warning: Reference `dbPage' on page 3 undefined on input line 51.

[3]
<hinh-cauhoi/toan03.jpg, id=31, 496.85625pt x 227.6505pt>
File: hinh-cauhoi/toan03.jpg Graphic file (type jpg)
<use hinh-cauhoi/toan03.jpg>
Package pdftex.def Info: hinh-cauhoi/toan03.jpg  used on input line 51.
(pdftex.def)             Requested size: 198.73897pt x 91.05858pt.


LaTeX Warning: Reference `dbPage' on page 4 undefined on input line 51.

[4 <./hinh-cauhoi/toan01.jpg> <./hinh-cauhoi/toan03.jpg>]

LaTeX Warning: Reference `dbPage' on page 5 undefined on input line 51.

[5.0.43]

LaTeX Warning: Reference `dbPage' on page 6 undefined on input line 55.

[6]

LaTeX Warning: Reference `dbPage' on page 1 undefined on input line 58.


Overfull \hbox (19.08047pt too wide) in paragraph at lines 58--58
[][]  [] 
 []


LaTeX Warning: The counter will not be printed.
             The label is:  on input line 60.


Underfull \hbox (badness 10000) in paragraph at lines 58--60

 []

File: hinh-cauhoi/toan05.jpg Graphic file (type jpg)
<use hinh-cauhoi/toan05.jpg>
Package pdftex.def Info: hinh-cauhoi/toan05.jpg  used on input line 61.
(pdftex.def)             Requested size: 164.29088pt x 75.88214pt.

LaTeX Warning: Reference `dbPage' on page 1 undefined on input line 61.

[1.0.6]
Missing character: There is no ^^E in font uplr8v!
Missing character: There is no ^^L in font uplr8v!
Missing character: There is no ^^W in font uplr8v!
Missing character: There is no ^^X in font uplr8v!
Missing character: There is no   in font uplr8v!
Missing character: There is no ^^? in font uplr8v!
File: hinh-cauhoi/toan04.jpg Graphic file (type jpg)
<use hinh-cauhoi/toan04.jpg>
Package pdftex.def Info: hinh-cauhoi/toan04.jpg  used on input line 61.
(pdftex.def)             Requested size: 85.27924pt x 132.97781pt.

Underfull \hbox (badness 10000) in paragraph at lines 61--61

 []


Overfull \hbox (10.40245pt too wide) in paragraph at lines 61--61
[]  
 []


LaTeX Warning: Reference `dbPage' on page 2 undefined on input line 61.

[2.0.17]
Missing character: There is no ^^E in font uplr8v!
Missing character: There is no ^^L in font uplr8v!
Missing character: There is no ^^W in font uplr8v!
Missing character: There is no ^^X in font uplr8v!
Missing character: There is no   in font uplr8v!
Missing character: There is no ^^? in font uplr8v!
File: hinh-cauhoi/toan01.jpg Graphic file (type jpg)
<use hinh-cauhoi/toan01.jpg>
Package pdftex.def Info: hinh-cauhoi/toan01.jpg  used on input line 61.
(pdftex.def)             Requested size: 96.48117pt x 98.28795pt.

Underfull \hbox (badness 10000) in paragraph at lines 61--61

 []


LaTeX Warning: Reference `dbPage' on page 3 undefined on input line 61.

[3]
File: hinh-cauhoi/toan03.jpg Graphic file (type jpg)
<use hinh-cauhoi/toan03.jpg>
Package pdftex.def Info: hinh-cauhoi/toan03.jpg  used on input line 61.
(pdftex.def)             Requested size: 198.73897pt x 91.05858pt.


LaTeX Warning: Reference `dbPage' on page 4 undefined on input line 61.

[4]

LaTeX Warning: Reference `dbPage' on page 5 undefined on input line 61.

[5.0.46]
File: hinh-cauhoi/toan02.jpg Graphic file (type jpg)
<use hinh-cauhoi/toan02.jpg>
Package pdftex.def Info: hinh-cauhoi/toan02.jpg  used on input line 61.
(pdftex.def)             Requested size: 202.65663pt x 99.97325pt.


LaTeX Warning: Reference `dbPage' on page 6 undefined on input line 64.

[6]

LaTeX Warning: Reference `dbPage' on page 1 undefined on input line 67.


Overfull \hbox (19.08047pt too wide) in paragraph at lines 67--67
[][]  [] 
 []


LaTeX Warning: The counter will not be printed.
             The label is:  on input line 69.


Underfull \hbox (badness 10000) in paragraph at lines 67--69

 []

Missing character: There is no ^^E in font uplr8v!
Missing character: There is no ^^L in font uplr8v!
Missing character: There is no ^^W in font uplr8v!
Missing character: There is no ^^X in font uplr8v!
Missing character: There is no   in font uplr8v!
Missing character: There is no ^^? in font uplr8v!
File: hinh-cauhoi/toan01.jpg Graphic file (type jpg)
<use hinh-cauhoi/toan01.jpg>
Package pdftex.def Info: hinh-cauhoi/toan01.jpg  used on input line 70.
(pdftex.def)             Requested size: 96.48117pt x 98.28795pt.

Underfull \hbox (badness 10000) in paragraph at lines 70--70

 []

File: hinh-cauhoi/toan02.jpg Graphic file (type jpg)
<use hinh-cauhoi/toan02.jpg>
Package pdftex.def Info: hinh-cauhoi/toan02.jpg  used on input line 70.
(pdftex.def)             Requested size: 202.65663pt x 99.97325pt.

LaTeX Warning: Reference `dbPage' on page 1 undefined on input line 70.

[1.0.7]

LaTeX Warning: Reference `dbPage' on page 2 undefined on input line 70.

[2]
Missing character: There is no ^^E in font uplr8v!
Missing character: There is no ^^L in font uplr8v!
Missing character: There is no ^^W in font uplr8v!
Missing character: There is no ^^X in font uplr8v!
Missing character: There is no   in font uplr8v!
Missing character: There is no ^^? in font uplr8v!
File: hinh-cauhoi/toan04.jpg Graphic file (type jpg)
<use hinh-cauhoi/toan04.jpg>
Package pdftex.def Info: hinh-cauhoi/toan04.jpg  used on input line 70.
(pdftex.def)             Requested size: 85.27924pt x 132.97781pt.

Underfull \hbox (badness 10000) in paragraph at lines 70--70

 []


Overfull \hbox (10.40245pt too wide) in paragraph at lines 70--70
[]  
 []


LaTeX Warning: Reference `dbPage' on page 3 undefined on input line 70.

[3.0.26]

LaTeX Warning: Reference `dbPage' on page 4 undefined on input line 70.

[4.0.37]
File: hinh-cauhoi/toan05.jpg Graphic file (type jpg)
<use hinh-cauhoi/toan05.jpg>
Package pdftex.def Info: hinh-cauhoi/toan05.jpg  used on input line 70.
(pdftex.def)             Requested size: 164.29088pt x 75.88214pt.


LaTeX Warning: Reference `dbPage' on page 5 undefined on input line 70.

[5]
File: hinh-cauhoi/toan03.jpg Graphic file (type jpg)
<use hinh-cauhoi/toan03.jpg>
Package pdftex.def Info: hinh-cauhoi/toan03.jpg  used on input line 70.
(pdftex.def)             Requested size: 198.73897pt x 91.05858pt.


LaTeX Warning: Reference `dbPage' on page 6 undefined on input line 73.

[6]

LaTeX Warning: Reference `dbPage' on page 1 undefined on input line 76.


Overfull \hbox (19.08047pt too wide) in paragraph at lines 76--76
[][]  [] 
 []


LaTeX Warning: The counter will not be printed.
             The label is:  on input line 78.


Underfull \hbox (badness 10000) in paragraph at lines 76--78

 []

Missing character: There is no ^^E in font uplr8v!
Missing character: There is no ^^L in font uplr8v!
Missing character: There is no ^^W in font uplr8v!
Missing character: There is no ^^X in font uplr8v!
Missing character: There is no   in font uplr8v!
Missing character: There is no ^^? in font uplr8v!
File: hinh-cauhoi/toan04.jpg Graphic file (type jpg)
<use hinh-cauhoi/toan04.jpg>
Package pdftex.def Info: hinh-cauhoi/toan04.jpg  used on input line 79.
(pdftex.def)             Requested size: 85.27924pt x 132.97781pt.

Underfull \hbox (badness 10000) in paragraph at lines 79--79

 []


Overfull \hbox (10.40245pt too wide) in paragraph at lines 79--79
[]  
 []

File: hinh-cauhoi/toan03.jpg Graphic file (type jpg)
<use hinh-cauhoi/toan03.jpg>
Package pdftex.def Info: hinh-cauhoi/toan03.jpg  used on input line 79.
(pdftex.def)             Requested size: 198.73897pt x 91.05858pt.

LaTeX Warning: Reference `dbPage' on page 1 undefined on input line 79.

[1]

LaTeX Warning: Reference `dbPage' on page 2 undefined on input line 79.

[2]

LaTeX Warning: Reference `dbPage' on page 3 undefined on input line 79.

[3.0.29]
File: hinh-cauhoi/toan05.jpg Graphic file (type jpg)
<use hinh-cauhoi/toan05.jpg>
Package pdftex.def Info: hinh-cauhoi/toan05.jpg  used on input line 79.
(pdftex.def)             Requested size: 164.29088pt x 75.88214pt.


LaTeX Warning: Reference `dbPage' on page 4 undefined on input line 79.

[4.0.37]
Missing character: There is no ^^E in font uplr8v!
Missing character: There is no ^^L in font uplr8v!
Missing character: There is no ^^W in font uplr8v!
Missing character: There is no ^^X in font uplr8v!
Missing character: There is no   in font uplr8v!
Missing character: There is no ^^? in font uplr8v!
File: hinh-cauhoi/toan01.jpg Graphic file (type jpg)
<use hinh-cauhoi/toan01.jpg>
Package pdftex.def Info: hinh-cauhoi/toan01.jpg  used on input line 79.
(pdftex.def)             Requested size: 96.48117pt x 98.28795pt.

Underfull \hbox (badness 10000) in paragraph at lines 79--79

 []


LaTeX Warning: Reference `dbPage' on page 5 undefined on input line 79.

[5]
File: hinh-cauhoi/toan02.jpg Graphic file (type jpg)
<use hinh-cauhoi/toan02.jpg>
Package pdftex.def Info: hinh-cauhoi/toan02.jpg  used on input line 79.
(pdftex.def)             Requested size: 202.65663pt x 99.97325pt.


LaTeX Warning: Reference `dbPage' on page 6 undefined on input line 82.

[6]

LaTeX Warning: Reference `dbPage' on page 1 undefined on input line 85.


Overfull \hbox (19.08047pt too wide) in paragraph at lines 85--85
[][]  [] 
 []


LaTeX Warning: The counter will not be printed.
             The label is:  on input line 87.


Underfull \hbox (badness 10000) in paragraph at lines 85--87

 []

Missing character: There is no ^^E in font uplr8v!
Missing character: There is no ^^L in font uplr8v!
Missing character: There is no ^^W in font uplr8v!
Missing character: There is no ^^X in font uplr8v!
Missing character: There is no   in font uplr8v!
Missing character: There is no ^^? in font uplr8v!
File: hinh-cauhoi/toan04.jpg Graphic file (type jpg)
<use hinh-cauhoi/toan04.jpg>
Package pdftex.def Info: hinh-cauhoi/toan04.jpg  used on input line 88.
(pdftex.def)             Requested size: 85.27924pt x 132.97781pt.

Underfull \hbox (badness 10000) in paragraph at lines 88--88

 []


Overfull \hbox (10.40245pt too wide) in paragraph at lines 88--88
[]  
 []


LaTeX Warning: Reference `dbPage' on page 1 undefined on input line 88.

[1]
Missing character: There is no ^^E in font uplr8v!
Missing character: There is no ^^L in font uplr8v!
Missing character: There is no ^^W in font uplr8v!
Missing character: There is no ^^X in font uplr8v!
Missing character: There is no   in font uplr8v!
Missing character: There is no ^^? in font uplr8v!
File: hinh-cauhoi/toan01.jpg Graphic file (type jpg)
<use hinh-cauhoi/toan01.jpg>
Package pdftex.def Info: hinh-cauhoi/toan01.jpg  used on input line 88.
(pdftex.def)             Requested size: 96.48117pt x 98.28795pt.

Underfull \hbox (badness 10000) in paragraph at lines 88--88

 []


LaTeX Warning: Reference `dbPage' on page 2 undefined on input line 88.

[2.0.18]
File: hinh-cauhoi/toan03.jpg Graphic file (type jpg)
<use hinh-cauhoi/toan03.jpg>
Package pdftex.def Info: hinh-cauhoi/toan03.jpg  used on input line 88.
(pdftex.def)             Requested size: 198.73897pt x 91.05858pt.


LaTeX Warning: Reference `dbPage' on page 3 undefined on input line 88.

[3.0.29]
File: hinh-cauhoi/toan05.jpg Graphic file (type jpg)
<use hinh-cauhoi/toan05.jpg>
Package pdftex.def Info: hinh-cauhoi/toan05.jpg  used on input line 88.
(pdftex.def)             Requested size: 164.29088pt x 75.88214pt.


LaTeX Warning: Reference `dbPage' on page 4 undefined on input line 88.

[4.0.35]
File: hinh-cauhoi/toan02.jpg Graphic file (type jpg)
<use hinh-cauhoi/toan02.jpg>
Package pdftex.def Info: hinh-cauhoi/toan02.jpg  used on input line 88.
(pdftex.def)             Requested size: 202.65663pt x 99.97325pt.


LaTeX Warning: Reference `dbPage' on page 5 undefined on input line 88.

[5]

LaTeX Warning: Reference `dbPage' on page 6 undefined on input line 91.

[6]

LaTeX Warning: The counter will not be printed.
             The label is: \causo  on input line 103.


LaTeX Warning: The counter will not be printed.
             The label is: \causo  on input line 115.


LaTeX Warning: The counter will not be printed.
             The label is: \causo  on input line 127.


LaTeX Warning: The counter will not be printed.
             The label is: \causo  on input line 138.


LaTeX Warning: The counter will not be printed.
             The label is: \causo  on input line 150.

AED: lastpage setting LastPage 
[7] (./_VATLI123.aux)

LaTeX Warning: There were undefined references.


LaTeX Warning: Label(s) may have changed. Rerun to get cross-references right.

 ) 
Here is how much of TeX's memory you used:
 15847 strings out of 480478
 296119 string characters out of 5905959
 1106736 words of memory out of 5000000
 31506 multiletter control sequences out of 15000+600000
 564394 words of font info for 80 fonts, out of 8000000 for 9000
 1141 hyphenation exceptions out of 8191
 68i,17n,83p,846b,1029s stack positions out of 5000i,500n,10000p,200000b,80000s
{/usr/share/texmf-dist/fonts/enc/dvips/base/8r.enc}{/usr/share/texmf-dist/fon
ts/enc/dvips/vntex/t5.enc}</usr/share/texmf-dist/fonts/type1/public/amsfonts/cm
/cmex10.pfb></usr/share/texmf-dist/fonts/type1/public/amsfonts/cm/cmmi10.pfb></
usr/share/texmf-dist/fonts/type1/public/amsfonts/cm/cmr10.pfb></usr/share/texmf
-dist/fonts/type1/public/amsfonts/cm/cmsy10.pfb></usr/share/texmf-dist/fonts/ty
pe1/public/mathpazo/fplmbb.pfb></usr/share/texmf-dist/fonts/type1/public/mathpa
zo/fplmr.pfb></usr/share/texmf-dist/fonts/type1/public/mathpazo/fplmri.pfb></us
r/share/texmf-dist/fonts/type1/vntex/urwvn/uplb8v.pfb></usr/share/texmf-dist/fo
nts/type1/urw/palatino/uplr8a.pfb></usr/share/texmf-dist/fonts/type1/vntex/urwv
n/uplr8v.pfb></usr/share/texmf-dist/fonts/type1/urw/palatino/uplri8a.pfb></usr/
share/texmf-dist/fonts/type1/vntex/urwvn/uplri8v.pfb>
Output written on _VATLI123.pdf (31 pages, 425479 bytes).
PDF statistics:
 163 PDF objects out of 1000 (max. 8388607)
 111 compressed objects within 2 object streams
 0 named destinations out of 1000 (max. 500000)
 38 words of extra memory for PDF output out of 10000 (max. 10000000)

